# JRE version: OpenJDK Runtime Environment AdoptOpenJDK-11.0.11+9 (11.0.11+9) (build 11.0.11+9)
# Java VM: OpenJDK 64-Bit Server VM AdoptOpenJDK-11.0.11+9 (11.0.11+9, mixed mode, tiered, compressed oops, g1 gc, windows-amd64)
Heap:
 garbage-first heap   total 59392K, used 35857K [0x00000000c6e00000, 0x0000000100000000)
  region size 1024K, 14 young (14336K), 2 survivors (2048K)
 Metaspace       used 65560K, capacity 67159K, committed 67328K, reserved 1107968K
  class space    used 8195K, capacity 8845K, committed 8960K, reserved 1048576K
GC Heap History (20 events):
Event: 60.207 GC heap before
{Heap before GC invocations=16 (full 0):
 garbage-first heap   total 59392K, used 45134K [0x00000000c6e00000, 0x0000000100000000)
  region size 1024K, 34 young (34816K), 3 survivors (3072K)
 Metaspace       used 38311K, capacity 39386K, committed 39552K, reserved 1083392K
  class space    used 4488K, capacity 4945K, committed 4992K, reserved 1048576K
}
Event: 60.231 GC heap after
{Heap after GC invocations=17 (full 0):
 garbage-first heap   total 59392K, used 15224K [0x00000000c6e00000, 0x0000000100000000)
  region size 1024K, 4 young (4096K), 4 survivors (4096K)
 Metaspace       used 38311K, capacity 39386K, committed 39552K, reserved 1083392K
  class space    used 4488K, capacity 4945K, committed 4992K, reserved 1048576K
}
Event: 67.514 GC heap before
{Heap before GC invocations=17 (full 0):
 garbage-first heap   total 59392K, used 45944K [0x00000000c6e00000, 0x0000000100000000)
  region size 1024K, 34 young (34816K), 4 survivors (4096K)
 Metaspace       used 46040K, capacity 47198K, committed 47360K, reserved 1091584K
  class space    used 5592K, capacity 6077K, committed 6144K, reserved 1048576K
}
Event: 67.552 GC heap after
{Heap after GC invocations=18 (full 0):
 garbage-first heap   total 59392K, used 18169K [0x00000000c6e00000, 0x0000000100000000)
  region size 1024K, 5 young (5120K), 5 survivors (5120K)
 Metaspace       used 46040K, capacity 47198K, committed 47360K, reserved 1091584K
  class space    used 5592K, capacity 6077K, committed 6144K, reserved 1048576K
}
Event: 73.086 GC heap before
{Heap before GC invocations=18 (full 0):
 garbage-first heap   total 59392K, used 46841K [0x00000000c6e00000, 0x0000000100000000)
  region size 1024K, 33 young (33792K), 5 survivors (5120K)
 Metaspace       used 50315K, capacity 51524K, committed 51712K, reserved 1093632K
  class space    used 6156K, capacity 6640K, committed 6656K, reserved 1048576K
}
Event: 73.126 GC heap after
{Heap after GC invocations=19 (full 0):
 garbage-first heap   total 59392K, used 19161K [0x00000000c6e00000, 0x0000000100000000)
  region size 1024K, 2 young (2048K), 2 survivors (2048K)
 Metaspace       used 50315K, capacity 51524K, committed 51712K, reserved 1093632K
  class space    used 6156K, capacity 6640K, committed 6656K, reserved 1048576K
}
Event: 78.785 GC heap before
{Heap before GC invocations=19 (full 0):
 garbage-first heap   total 59392K, used 46809K [0x00000000c6e00000, 0x0000000100000000)
  region size 1024K, 29 young (29696K), 2 survivors (2048K)
 Metaspace       used 56597K, capacity 57893K, committed 58112K, reserved 1099776K
  class space    used 7078K, capacity 7588K, committed 7680K, reserved 1048576K
}
Event: 78.816 GC heap after
{Heap after GC invocations=20 (full 0):
 garbage-first heap   total 59392K, used 20158K [0x00000000c6e00000, 0x0000000100000000)
  region size 1024K, 3 young (3072K), 3 survivors (3072K)
 Metaspace       used 56597K, capacity 57893K, committed 58112K, reserved 1099776K
  class space    used 7078K, capacity 7588K, committed 7680K, reserved 1048576K
}
Event: 83.104 GC heap before
{Heap before GC invocations=20 (full 0):
 garbage-first heap   total 59392K, used 31422K [0x00000000c6e00000, 0x0000000100000000)
  region size 1024K, 15 young (15360K), 3 survivors (3072K)
 Metaspace       used 58844K, capacity 60127K, committed 60160K, reserved 1101824K
  class space    used 7393K, capacity 7929K, committed 7936K, reserved 1048576K
}
Event: 83.129 GC heap after
{Heap after GC invocations=21 (full 0):
 garbage-first heap   total 59392K, used 20885K [0x00000000c6e00000, 0x0000000100000000)
  region size 1024K, 2 young (2048K), 2 survivors (2048K)
 Metaspace       used 58844K, capacity 60127K, committed 60160K, reserved 1101824K
  class space    used 7393K, capacity 7929K, committed 7936K, reserved 1048576K
}
Event: 90.011 GC heap before
{Heap before GC invocations=22 (full 0):
 garbage-first heap   total 59392K, used 46485K [0x00000000c6e00000, 0x0000000100000000)
  region size 1024K, 27 young (27648K), 2 survivors (2048K)
 Metaspace       used 61132K, capacity 62573K, committed 62720K, reserved 1103872K
  class space    used 7736K, capacity 8327K, committed 8448K, reserved 1048576K
}
Event: 90.046 GC heap after
{Heap after GC invocations=23 (full 0):
 garbage-first heap   total 59392K, used 22899K [0x00000000c6e00000, 0x0000000100000000)
  region size 1024K, 4 young (4096K), 4 survivors (4096K)
 Metaspace       used 61132K, capacity 62573K, committed 62720K, reserved 1103872K
  class space    used 7736K, capacity 8327K, committed 8448K, reserved 1048576K
}
Event: 1591.165 GC heap before
{Heap before GC invocations=23 (full 0):
 garbage-first heap   total 59392K, used 46451K [0x00000000c6e00000, 0x0000000100000000)
  region size 1024K, 27 young (27648K), 4 survivors (4096K)
 Metaspace       used 62021K, capacity 63540K, committed 63872K, reserved 1103872K
  class space    used 7832K, capacity 8459K, committed 8576K, reserved 1048576K
}
Event: 1591.779 GC heap after
{Heap after GC invocations=24 (full 0):
 garbage-first heap   total 59392K, used 23273K [0x00000000c6e00000, 0x0000000100000000)
  region size 1024K, 1 young (1024K), 1 survivors (1024K)
 Metaspace       used 62021K, capacity 63540K, committed 63872K, reserved 1103872K
  class space    used 7832K, capacity 8459K, committed 8576K, reserved 1048576K
}
Event: 1663.102 GC heap before
{Heap before GC invocations=24 (full 0):
 garbage-first heap   total 59392K, used 24297K [0x00000000c6e00000, 0x0000000100000000)
  region size 1024K, 2 young (2048K), 1 survivors (1024K)
 Metaspace       used 62021K, capacity 63540K, committed 63872K, reserved 1103872K
  class space    used 7832K, capacity 8459K, committed 8576K, reserved 1048576K
}
Event: 1663.110 GC heap after
{Heap after GC invocations=25 (full 0):
 garbage-first heap   total 59392K, used 23033K [0x00000000c6e00000, 0x0000000100000000)
  region size 1024K, 1 young (1024K), 1 survivors (1024K)
 Metaspace       used 62021K, capacity 63540K, committed 63872K, reserved 1103872K
  class space    used 7832K, capacity 8459K, committed 8576K, reserved 1048576K
}
Event: 1867.611 GC heap before
{Heap before GC invocations=25 (full 0):
 garbage-first heap   total 59392K, used 44537K [0x00000000c6e00000, 0x0000000100000000)
  region size 1024K, 22 young (22528K), 1 survivors (1024K)
 Metaspace       used 62186K, capacity 63719K, committed 63872K, reserved 1103872K
  class space    used 7841K, capacity 8468K, committed 8576K, reserved 1048576K
}
Event: 1867.621 GC heap after
{Heap after GC invocations=26 (full 0):
 garbage-first heap   total 59392K, used 23453K [0x00000000c6e00000, 0x0000000100000000)
  region size 1024K, 1 young (1024K), 1 survivors (1024K)
 Metaspace       used 62186K, capacity 63719K, committed 63872K, reserved 1103872K
  class space    used 7841K, capacity 8468K, committed 8576K, reserved 1048576K
}
Event: 2100.441 GC heap before
{Heap before GC invocations=26 (full 0):
 garbage-first heap   total 59392K, used 44957K [0x00000000c6e00000, 0x0000000100000000)
  region size 1024K, 23 young (23552K), 1 survivors (1024K)
 Metaspace       used 65496K, capacity 66999K, committed 67200K, reserved 1107968K
  class space    used 8193K, capacity 8813K, committed 8832K, reserved 1048576K
}
Event: 2100.470 GC heap after
{Heap after GC invocations=27 (full 0):
 garbage-first heap   total 59392K, used 24593K [0x00000000c6e00000, 0x0000000100000000)
  region size 1024K, 2 young (2048K), 2 survivors (2048K)
 Metaspace       used 65496K, capacity 66999K, committed 67200K, reserved 1107968K
  class space    used 8193K, capacity 8813K, committed 8832K, reserved 1048576K
}

